<?xml version="1.0" encoding="UTF-8"?>
<testsuites>
  <testsuite name="ResourceController Test Suite" tests="30" assertions="128" errors="0" failures="0" skipped="0" time="0.606795">
    <testsuite name="RafflesArgentina\ResourceController\ResourceControllerTest" file="/home/l5-resource-controller/public_html/tests/ResourceControllerTest.php" tests="16" assertions="60" errors="0" failures="0" skipped="0" time="0.323528">
      <testcase name="testIndexRoute" class="RafflesArgentina\ResourceController\ResourceControllerTest" classname="RafflesArgentina.ResourceController.ResourceControllerTest" file="/home/l5-resource-controller/public_html/tests/ResourceControllerTest.php" line="11" assertions="5" time="0.105361"/>
      <testcase name="testIndexRouteWithUseSoftDeletes" class="RafflesArgentina\ResourceController\ResourceControllerTest" classname="RafflesArgentina.ResourceController.ResourceControllerTest" file="/home/l5-resource-controller/public_html/tests/ResourceControllerTest.php" line="25" assertions="5" time="0.018446"/>
      <testcase name="testCreateRoute" class="RafflesArgentina\ResourceController\ResourceControllerTest" classname="RafflesArgentina.ResourceController.ResourceControllerTest" file="/home/l5-resource-controller/public_html/tests/ResourceControllerTest.php" line="40" assertions="4" time="0.011947"/>
      <testcase name="testStoreRoute" class="RafflesArgentina\ResourceController\ResourceControllerTest" classname="RafflesArgentina.ResourceController.ResourceControllerTest" file="/home/l5-resource-controller/public_html/tests/ResourceControllerTest.php" line="51" assertions="4" time="0.019191"/>
      <testcase name="testShowRoute" class="RafflesArgentina\ResourceController\ResourceControllerTest" classname="RafflesArgentina.ResourceController.ResourceControllerTest" file="/home/l5-resource-controller/public_html/tests/ResourceControllerTest.php" line="61" assertions="4" time="0.013504"/>
      <testcase name="testShowRouteWithUseSoftDeletes" class="RafflesArgentina\ResourceController\ResourceControllerTest" classname="RafflesArgentina.ResourceController.ResourceControllerTest" file="/home/l5-resource-controller/public_html/tests/ResourceControllerTest.php" line="74" assertions="4" time="0.014591"/>
      <testcase name="testShowRouteWithInexistentModel" class="RafflesArgentina\ResourceController\ResourceControllerTest" classname="RafflesArgentina.ResourceController.ResourceControllerTest" file="/home/l5-resource-controller/public_html/tests/ResourceControllerTest.php" line="88" assertions="2" time="0.011974"/>
      <testcase name="testEditRoute" class="RafflesArgentina\ResourceController\ResourceControllerTest" classname="RafflesArgentina.ResourceController.ResourceControllerTest" file="/home/l5-resource-controller/public_html/tests/ResourceControllerTest.php" line="95" assertions="4" time="0.013071"/>
      <testcase name="testEditRouteWithUseSoftDeletes" class="RafflesArgentina\ResourceController\ResourceControllerTest" classname="RafflesArgentina.ResourceController.ResourceControllerTest" file="/home/l5-resource-controller/public_html/tests/ResourceControllerTest.php" line="108" assertions="4" time="0.013624"/>
      <testcase name="testEditRouteWithInexistentModel" class="RafflesArgentina\ResourceController\ResourceControllerTest" classname="RafflesArgentina.ResourceController.ResourceControllerTest" file="/home/l5-resource-controller/public_html/tests/ResourceControllerTest.php" line="122" assertions="2" time="0.012258"/>
      <testcase name="testUpdateRoute" class="RafflesArgentina\ResourceController\ResourceControllerTest" classname="RafflesArgentina.ResourceController.ResourceControllerTest" file="/home/l5-resource-controller/public_html/tests/ResourceControllerTest.php" line="129" assertions="5" time="0.017256"/>
      <testcase name="testUpdateRouteWithUseSoftDeletes" class="RafflesArgentina\ResourceController\ResourceControllerTest" classname="RafflesArgentina.ResourceController.ResourceControllerTest" file="/home/l5-resource-controller/public_html/tests/ResourceControllerTest.php" line="142" assertions="5" time="0.017363"/>
      <testcase name="testUpdateRouteWithInexistentModel" class="RafflesArgentina\ResourceController\ResourceControllerTest" classname="RafflesArgentina.ResourceController.ResourceControllerTest" file="/home/l5-resource-controller/public_html/tests/ResourceControllerTest.php" line="156" assertions="2" time="0.012776"/>
      <testcase name="testDestroyRoute" class="RafflesArgentina\ResourceController\ResourceControllerTest" classname="RafflesArgentina.ResourceController.ResourceControllerTest" file="/home/l5-resource-controller/public_html/tests/ResourceControllerTest.php" line="163" assertions="4" time="0.016455"/>
      <testcase name="testDestroyRouteWithUseSoftDeletes" class="RafflesArgentina\ResourceController\ResourceControllerTest" classname="RafflesArgentina.ResourceController.ResourceControllerTest" file="/home/l5-resource-controller/public_html/tests/ResourceControllerTest.php" line="175" assertions="4" time="0.013916"/>
      <testcase name="testDestroyRouteWithInexistentModel" class="RafflesArgentina\ResourceController\ResourceControllerTest" classname="RafflesArgentina.ResourceController.ResourceControllerTest" file="/home/l5-resource-controller/public_html/tests/ResourceControllerTest.php" line="188" assertions="2" time="0.011794"/>
    </testsuite>
    <testsuite name="RafflesArgentina\ResourceController\WorksWithFileUploadsTest" file="/home/l5-resource-controller/public_html/tests/WorksWithFileUploadsTest.php" tests="4" assertions="16" errors="0" failures="0" skipped="0" time="0.068434">
      <testcase name="testPostHasOneFileUpload" class="RafflesArgentina\ResourceController\WorksWithFileUploadsTest" classname="RafflesArgentina.ResourceController.WorksWithFileUploadsTest" file="/home/l5-resource-controller/public_html/tests/WorksWithFileUploadsTest.php" line="14" assertions="4" time="0.025494"/>
      <testcase name="testPostBelongsToFileUpload" class="RafflesArgentina\ResourceController\WorksWithFileUploadsTest" classname="RafflesArgentina.ResourceController.WorksWithFileUploadsTest" file="/home/l5-resource-controller/public_html/tests/WorksWithFileUploadsTest.php" line="34" assertions="4" time="0.014014"/>
      <testcase name="testPostHasManyFileUploads" class="RafflesArgentina\ResourceController\WorksWithFileUploadsTest" classname="RafflesArgentina.ResourceController.WorksWithFileUploadsTest" file="/home/l5-resource-controller/public_html/tests/WorksWithFileUploadsTest.php" line="54" assertions="4" time="0.013550"/>
      <testcase name="testPostBelongsToManyFileUploads" class="RafflesArgentina\ResourceController\WorksWithFileUploadsTest" classname="RafflesArgentina.ResourceController.WorksWithFileUploadsTest" file="/home/l5-resource-controller/public_html/tests/WorksWithFileUploadsTest.php" line="75" assertions="4" time="0.015376"/>
    </testsuite>
    <testsuite name="RafflesArgentina\ResourceController\WorksWithRelationsTest" file="/home/l5-resource-controller/public_html/tests/WorksWithRelationsTest.php" tests="10" assertions="52" errors="0" failures="0" skipped="0" time="0.214833">
      <testcase name="testStoreHasOne" class="RafflesArgentina\ResourceController\WorksWithRelationsTest" classname="RafflesArgentina.ResourceController.WorksWithRelationsTest" file="/home/l5-resource-controller/public_html/tests/WorksWithRelationsTest.php" line="11" assertions="7" time="0.014351"/>
      <testcase name="testStoreBelongsTo" class="RafflesArgentina\ResourceController\WorksWithRelationsTest" classname="RafflesArgentina.ResourceController.WorksWithRelationsTest" file="/home/l5-resource-controller/public_html/tests/WorksWithRelationsTest.php" line="42" assertions="5" time="0.015799"/>
      <testcase name="testStoreHasMany" class="RafflesArgentina\ResourceController\WorksWithRelationsTest" classname="RafflesArgentina.ResourceController.WorksWithRelationsTest" file="/home/l5-resource-controller/public_html/tests/WorksWithRelationsTest.php" line="70" assertions="5" time="0.019633"/>
      <testcase name="testStoreBelongsToManyExistent" class="RafflesArgentina\ResourceController\WorksWithRelationsTest" classname="RafflesArgentina.ResourceController.WorksWithRelationsTest" file="/home/l5-resource-controller/public_html/tests/WorksWithRelationsTest.php" line="118" assertions="5" time="0.020180"/>
      <testcase name="testStoreBelongsToManyInexistent" class="RafflesArgentina\ResourceController\WorksWithRelationsTest" classname="RafflesArgentina.ResourceController.WorksWithRelationsTest" file="/home/l5-resource-controller/public_html/tests/WorksWithRelationsTest.php" line="147" assertions="5" time="0.020089"/>
      <testcase name="testUpdateHasOne" class="RafflesArgentina\ResourceController\WorksWithRelationsTest" classname="RafflesArgentina.ResourceController.WorksWithRelationsTest" file="/home/l5-resource-controller/public_html/tests/WorksWithRelationsTest.php" line="195" assertions="5" time="0.019718"/>
      <testcase name="testUpdateBelongsTo" class="RafflesArgentina\ResourceController\WorksWithRelationsTest" classname="RafflesArgentina.ResourceController.WorksWithRelationsTest" file="/home/l5-resource-controller/public_html/tests/WorksWithRelationsTest.php" line="219" assertions="5" time="0.027137"/>
      <testcase name="testUpdateHasMany" class="RafflesArgentina\ResourceController\WorksWithRelationsTest" classname="RafflesArgentina.ResourceController.WorksWithRelationsTest" file="/home/l5-resource-controller/public_html/tests/WorksWithRelationsTest.php" line="245" assertions="5" time="0.023912"/>
      <testcase name="testUpdateBelongsToManyExistent" class="RafflesArgentina\ResourceController\WorksWithRelationsTest" classname="RafflesArgentina.ResourceController.WorksWithRelationsTest" file="/home/l5-resource-controller/public_html/tests/WorksWithRelationsTest.php" line="291" assertions="5" time="0.026762"/>
      <testcase name="testUpdateBelongsToManyInexistent" class="RafflesArgentina\ResourceController\WorksWithRelationsTest" classname="RafflesArgentina.ResourceController.WorksWithRelationsTest" file="/home/l5-resource-controller/public_html/tests/WorksWithRelationsTest.php" line="318" assertions="5" time="0.027252"/>
    </testsuite>
  </testsuite>
</testsuites>
