<?xml version="1.0" encoding="UTF-8"?>
<testsuites>
  <testsuite name="ResourceController Test Suite" tests="30" assertions="128" errors="0" failures="0" skipped="0" time="0.627857">
    <testsuite name="RafflesArgentina\ResourceController\ResourceControllerTest" file="/var/www1/l5-resource-controller/public_html/tests/ResourceControllerTest.php" tests="16" assertions="60" errors="0" failures="0" skipped="0" time="0.351514">
      <testcase name="testIndexRoute" class="RafflesArgentina\ResourceController\ResourceControllerTest" classname="RafflesArgentina.ResourceController.ResourceControllerTest" file="/var/www1/l5-resource-controller/public_html/tests/ResourceControllerTest.php" line="11" assertions="5" time="0.112498"/>
      <testcase name="testIndexRouteWithUseSoftDeletes" class="RafflesArgentina\ResourceController\ResourceControllerTest" classname="RafflesArgentina.ResourceController.ResourceControllerTest" file="/var/www1/l5-resource-controller/public_html/tests/ResourceControllerTest.php" line="25" assertions="5" time="0.020950"/>
      <testcase name="testCreateRoute" class="RafflesArgentina\ResourceController\ResourceControllerTest" classname="RafflesArgentina.ResourceController.ResourceControllerTest" file="/var/www1/l5-resource-controller/public_html/tests/ResourceControllerTest.php" line="40" assertions="4" time="0.011921"/>
      <testcase name="testStoreRoute" class="RafflesArgentina\ResourceController\ResourceControllerTest" classname="RafflesArgentina.ResourceController.ResourceControllerTest" file="/var/www1/l5-resource-controller/public_html/tests/ResourceControllerTest.php" line="51" assertions="4" time="0.017222"/>
      <testcase name="testShowRoute" class="RafflesArgentina\ResourceController\ResourceControllerTest" classname="RafflesArgentina.ResourceController.ResourceControllerTest" file="/var/www1/l5-resource-controller/public_html/tests/ResourceControllerTest.php" line="61" assertions="4" time="0.015797"/>
      <testcase name="testShowRouteWithUseSoftDeletes" class="RafflesArgentina\ResourceController\ResourceControllerTest" classname="RafflesArgentina.ResourceController.ResourceControllerTest" file="/var/www1/l5-resource-controller/public_html/tests/ResourceControllerTest.php" line="74" assertions="4" time="0.016945"/>
      <testcase name="testShowRouteWithInexistentModel" class="RafflesArgentina\ResourceController\ResourceControllerTest" classname="RafflesArgentina.ResourceController.ResourceControllerTest" file="/var/www1/l5-resource-controller/public_html/tests/ResourceControllerTest.php" line="88" assertions="2" time="0.012701"/>
      <testcase name="testEditRoute" class="RafflesArgentina\ResourceController\ResourceControllerTest" classname="RafflesArgentina.ResourceController.ResourceControllerTest" file="/var/www1/l5-resource-controller/public_html/tests/ResourceControllerTest.php" line="95" assertions="4" time="0.015278"/>
      <testcase name="testEditRouteWithUseSoftDeletes" class="RafflesArgentina\ResourceController\ResourceControllerTest" classname="RafflesArgentina.ResourceController.ResourceControllerTest" file="/var/www1/l5-resource-controller/public_html/tests/ResourceControllerTest.php" line="108" assertions="4" time="0.013944"/>
      <testcase name="testEditRouteWithInexistentModel" class="RafflesArgentina\ResourceController\ResourceControllerTest" classname="RafflesArgentina.ResourceController.ResourceControllerTest" file="/var/www1/l5-resource-controller/public_html/tests/ResourceControllerTest.php" line="122" assertions="2" time="0.011543"/>
      <testcase name="testUpdateRoute" class="RafflesArgentina\ResourceController\ResourceControllerTest" classname="RafflesArgentina.ResourceController.ResourceControllerTest" file="/var/www1/l5-resource-controller/public_html/tests/ResourceControllerTest.php" line="129" assertions="5" time="0.018596"/>
      <testcase name="testUpdateRouteWithUseSoftDeletes" class="RafflesArgentina\ResourceController\ResourceControllerTest" classname="RafflesArgentina.ResourceController.ResourceControllerTest" file="/var/www1/l5-resource-controller/public_html/tests/ResourceControllerTest.php" line="142" assertions="5" time="0.018777"/>
      <testcase name="testUpdateRouteWithInexistentModel" class="RafflesArgentina\ResourceController\ResourceControllerTest" classname="RafflesArgentina.ResourceController.ResourceControllerTest" file="/var/www1/l5-resource-controller/public_html/tests/ResourceControllerTest.php" line="156" assertions="2" time="0.012461"/>
      <testcase name="testDestroyRoute" class="RafflesArgentina\ResourceController\ResourceControllerTest" classname="RafflesArgentina.ResourceController.ResourceControllerTest" file="/var/www1/l5-resource-controller/public_html/tests/ResourceControllerTest.php" line="163" assertions="4" time="0.020232"/>
      <testcase name="testDestroyRouteWithUseSoftDeletes" class="RafflesArgentina\ResourceController\ResourceControllerTest" classname="RafflesArgentina.ResourceController.ResourceControllerTest" file="/var/www1/l5-resource-controller/public_html/tests/ResourceControllerTest.php" line="175" assertions="4" time="0.020253"/>
      <testcase name="testDestroyRouteWithInexistentModel" class="RafflesArgentina\ResourceController\ResourceControllerTest" classname="RafflesArgentina.ResourceController.ResourceControllerTest" file="/var/www1/l5-resource-controller/public_html/tests/ResourceControllerTest.php" line="188" assertions="2" time="0.012397"/>
    </testsuite>
    <testsuite name="RafflesArgentina\ResourceController\WorksWithFileUploadsTest" file="/var/www1/l5-resource-controller/public_html/tests/WorksWithFileUploadsTest.php" tests="4" assertions="16" errors="0" failures="0" skipped="0" time="0.071532">
      <testcase name="testPostHasOneFileUpload" class="RafflesArgentina\ResourceController\WorksWithFileUploadsTest" classname="RafflesArgentina.ResourceController.WorksWithFileUploadsTest" file="/var/www1/l5-resource-controller/public_html/tests/WorksWithFileUploadsTest.php" line="14" assertions="4" time="0.025926"/>
      <testcase name="testPostBelongsToFileUpload" class="RafflesArgentina\ResourceController\WorksWithFileUploadsTest" classname="RafflesArgentina.ResourceController.WorksWithFileUploadsTest" file="/var/www1/l5-resource-controller/public_html/tests/WorksWithFileUploadsTest.php" line="34" assertions="4" time="0.014270"/>
      <testcase name="testPostHasManyFileUploads" class="RafflesArgentina\ResourceController\WorksWithFileUploadsTest" classname="RafflesArgentina.ResourceController.WorksWithFileUploadsTest" file="/var/www1/l5-resource-controller/public_html/tests/WorksWithFileUploadsTest.php" line="54" assertions="4" time="0.013790"/>
      <testcase name="testPostBelongsToManyFileUploads" class="RafflesArgentina\ResourceController\WorksWithFileUploadsTest" classname="RafflesArgentina.ResourceController.WorksWithFileUploadsTest" file="/var/www1/l5-resource-controller/public_html/tests/WorksWithFileUploadsTest.php" line="75" assertions="4" time="0.017546"/>
    </testsuite>
    <testsuite name="RafflesArgentina\ResourceController\WorksWithRelationsTest" file="/var/www1/l5-resource-controller/public_html/tests/WorksWithRelationsTest.php" tests="10" assertions="52" errors="0" failures="0" skipped="0" time="0.204810">
      <testcase name="testStoreHasOne" class="RafflesArgentina\ResourceController\WorksWithRelationsTest" classname="RafflesArgentina.ResourceController.WorksWithRelationsTest" file="/var/www1/l5-resource-controller/public_html/tests/WorksWithRelationsTest.php" line="11" assertions="7" time="0.016906"/>
      <testcase name="testStoreBelongsTo" class="RafflesArgentina\ResourceController\WorksWithRelationsTest" classname="RafflesArgentina.ResourceController.WorksWithRelationsTest" file="/var/www1/l5-resource-controller/public_html/tests/WorksWithRelationsTest.php" line="42" assertions="5" time="0.015264"/>
      <testcase name="testStoreHasMany" class="RafflesArgentina\ResourceController\WorksWithRelationsTest" classname="RafflesArgentina.ResourceController.WorksWithRelationsTest" file="/var/www1/l5-resource-controller/public_html/tests/WorksWithRelationsTest.php" line="70" assertions="5" time="0.019029"/>
      <testcase name="testStoreBelongsToManyExistent" class="RafflesArgentina\ResourceController\WorksWithRelationsTest" classname="RafflesArgentina.ResourceController.WorksWithRelationsTest" file="/var/www1/l5-resource-controller/public_html/tests/WorksWithRelationsTest.php" line="118" assertions="5" time="0.021226"/>
      <testcase name="testStoreBelongsToManyInexistent" class="RafflesArgentina\ResourceController\WorksWithRelationsTest" classname="RafflesArgentina.ResourceController.WorksWithRelationsTest" file="/var/www1/l5-resource-controller/public_html/tests/WorksWithRelationsTest.php" line="147" assertions="5" time="0.020954"/>
      <testcase name="testUpdateHasOne" class="RafflesArgentina\ResourceController\WorksWithRelationsTest" classname="RafflesArgentina.ResourceController.WorksWithRelationsTest" file="/var/www1/l5-resource-controller/public_html/tests/WorksWithRelationsTest.php" line="195" assertions="5" time="0.021542"/>
      <testcase name="testUpdateBelongsTo" class="RafflesArgentina\ResourceController\WorksWithRelationsTest" classname="RafflesArgentina.ResourceController.WorksWithRelationsTest" file="/var/www1/l5-resource-controller/public_html/tests/WorksWithRelationsTest.php" line="219" assertions="5" time="0.019754"/>
      <testcase name="testUpdateHasMany" class="RafflesArgentina\ResourceController\WorksWithRelationsTest" classname="RafflesArgentina.ResourceController.WorksWithRelationsTest" file="/var/www1/l5-resource-controller/public_html/tests/WorksWithRelationsTest.php" line="245" assertions="5" time="0.023343"/>
      <testcase name="testUpdateBelongsToManyExistent" class="RafflesArgentina\ResourceController\WorksWithRelationsTest" classname="RafflesArgentina.ResourceController.WorksWithRelationsTest" file="/var/www1/l5-resource-controller/public_html/tests/WorksWithRelationsTest.php" line="291" assertions="5" time="0.023042"/>
      <testcase name="testUpdateBelongsToManyInexistent" class="RafflesArgentina\ResourceController\WorksWithRelationsTest" classname="RafflesArgentina.ResourceController.WorksWithRelationsTest" file="/var/www1/l5-resource-controller/public_html/tests/WorksWithRelationsTest.php" line="318" assertions="5" time="0.023750"/>
    </testsuite>
  </testsuite>
</testsuites>
